<?xml version="1.0" encoding="UTF-8"?>
<!-- Generated by org.testng.reporters.JUnitReportReporter -->
<testsuite hostname="Acer5750-PC" name="de.hackerspacebremen.transformer.EntityTransformerTest" tests="3" failures="0" timestamp="24 Dec 2012 00:10:50 GMT" time="0.028" errors="0">
  <testcase name="testStatusAll" time="0.021" classname="de.hackerspacebremen.transformer.EntityTransformerTest"/>
  <testcase name="testStatusBoth" time="0.004" classname="de.hackerspacebremen.transformer.EntityTransformerTest"/>
  <testcase name="testStatusView" time="0.003" classname="de.hackerspacebremen.transformer.EntityTransformerTest"/>
</testsuite> <!-- de.hackerspacebremen.transformer.EntityTransformerTest -->
