<?xml version="1.0" encoding="UTF-8"?>
<!-- Generated by org.testng.reporters.JUnitReportReporter -->
<testsuite hostname="Acer5750-PC" name="de.hackerspacebremen.transformer.AppEngineKeyTransformerTest" tests="2" failures="0" timestamp="24 Dec 2012 00:10:50 GMT" time="0.063" errors="0">
  <testcase name="test" time="0.061" classname="de.hackerspacebremen.transformer.AppEngineKeyTransformerTest"/>
  <testcase name="testWrongUsage" time="0.002" classname="de.hackerspacebremen.transformer.AppEngineKeyTransformerTest"/>
</testsuite> <!-- de.hackerspacebremen.transformer.AppEngineKeyTransformerTest -->
