<?xml version="1.0" encoding="UTF-8"?>
<!-- Generated by org.testng.reporters.JUnitReportReporter -->
<testsuite hostname="Acer5750-PC" name="de.hackerspacebremen.transformer.AppEngineTextTransformerTest" tests="2" failures="0" timestamp="24 Dec 2012 00:10:50 GMT" time="0.046" errors="0">
  <testcase name="testWrongSerializer" time="0.001" classname="de.hackerspacebremen.transformer.AppEngineTextTransformerTest"/>
  <testcase name="test" time="0.045" classname="de.hackerspacebremen.transformer.AppEngineTextTransformerTest"/>
</testsuite> <!-- de.hackerspacebremen.transformer.AppEngineTextTransformerTest -->
