<?xml version="1.0" encoding="UTF-8"?>
<!-- Generated by org.testng.reporters.JUnitReportReporter -->
<testsuite hostname="Acer5750-PC" name="de.hackerspacebremen.transformer.SpeakingDateTransformerTest" tests="4" failures="0" timestamp="24 Dec 2012 01:06:16 GMT" time="0.088" errors="0">
  <testcase name="testGerman" time="0.002" classname="de.hackerspacebremen.transformer.SpeakingDateTransformerTest"/>
  <testcase name="wrongUsageTest" time="0.002" classname="de.hackerspacebremen.transformer.SpeakingDateTransformerTest"/>
  <testcase name="testWithoutFormat" time="0.001" classname="de.hackerspacebremen.transformer.SpeakingDateTransformerTest"/>
  <testcase name="testEnglish" time="0.083" classname="de.hackerspacebremen.transformer.SpeakingDateTransformerTest"/>
</testsuite> <!-- de.hackerspacebremen.transformer.SpeakingDateTransformerTest -->
